<?xml version="1.0" encoding="UTF-8"?>
<!-- Generated by org.testng.reporters.JUnitReportReporter -->
<testsuite hostname="DESKTOP-86KNJ96" failures="0" tests="2" name="STY.IntelliConvo.ScriptTest" time="5020.678" errors="0" timestamp="2023-11-03T19:22:33 IST" skipped="0">
  <testcase classname="STY.IntelliConvo.ScriptTest" name="AddScript_TC" time="4984.906"/>
  <system-out/>
  <testcase classname="STY.IntelliConvo.ScriptTest" name="Edit_Script_TC" time="35.772"/>
  <system-out/>
</testsuite> <!-- STY.IntelliConvo.ScriptTest -->
