<?xml version="1.0" encoding="UTF-8"?>
<!-- Generated by org.testng.reporters.JUnitReportReporter -->
<testsuite hostname="DESKTOP-86KNJ96" failures="0" tests="2" name="STY.IntelliConvo.SalesKeywordsTest" time="162.099" errors="0" timestamp="2023-09-26T12:08:58 IST" skipped="0">
  <testcase classname="STY.IntelliConvo.SalesKeywordsTest" name="AddNew_Keyword_TC" time="138.119"/>
  <system-out/>
  <testcase classname="STY.IntelliConvo.SalesKeywordsTest" name="UpdateKeywords_TC" time="23.980"/>
  <system-out/>
</testsuite> <!-- STY.IntelliConvo.SalesKeywordsTest -->
