<?xml version="1.0" encoding="UTF-8"?>
<!-- Generated by org.testng.reporters.JUnitReportReporter -->
<testsuite hostname="DESKTOP-86KNJ96" failures="0" tests="2" name="STY.IntelliConvo.CustomersTest" time="1333.494" errors="0" timestamp="2024-02-27T16:28:56 IST" skipped="0">
  <testcase classname="STY.IntelliConvo.CustomersTest" name="Add_Customers_TC" time="1244.504"/>
  <system-out/>
  <testcase classname="STY.IntelliConvo.CustomersTest" name="Edit_Customer_TC" time="88.990"/>
  <system-out/>
</testsuite> <!-- STY.IntelliConvo.CustomersTest -->
