<?xml version="1.0" encoding="UTF-8"?>
<!-- Generated by org.testng.reporters.JUnitReportReporter -->
<testsuite hostname="DESKTOP-86KNJ96" failures="0" tests="1" name="STY.IntelliConvo.SalesUploadTest" time="104.050" errors="0" timestamp="2023-09-26T15:07:43 IST" skipped="0">
  <testcase classname="STY.IntelliConvo.SalesUploadTest" name="Edit_ViewAct_TC" time="104.050"/>
  <system-out/>
</testsuite> <!-- STY.IntelliConvo.SalesUploadTest -->
