<?xml version="1.0" encoding="UTF-8"?>
<!-- Generated by org.testng.reporters.JUnitReportReporter -->
<testsuite hostname="DESKTOP-86KNJ96" failures="0" tests="1" name="STY.IntelliConvo.CallAnalysisTest" time="325.293" errors="0" timestamp="2023-11-08T14:13:02 IST" skipped="0">
  <testcase classname="STY.IntelliConvo.CallAnalysisTest" name="CallAnalysisTest" time="325.293"/>
  <system-out/>
</testsuite> <!-- STY.IntelliConvo.CallAnalysisTest -->
