<?xml version="1.0" encoding="UTF-8"?>
<!-- Generated by org.testng.reporters.JUnitReportReporter -->
<testsuite hostname="DESKTOP-86KNJ96" failures="0" tests="3" name="STY.IntelliConvo.ComplianceUploadTest" time="0.000" errors="0" timestamp="2023-07-03T14:45:20 IST" skipped="3">
  <testcase classname="STY.IntelliConvo.ComplianceUploadTest" name="UploadFileTest" time="0.000">
    <skipped/>
  </testcase> <!-- UploadFileTest -->
  <system-out/>
  <testcase classname="STY.IntelliConvo.ComplianceUploadTest" name="Edit_Act_TC" time="0.000">
    <skipped/>
  </testcase> <!-- Edit_Act_TC -->
  <system-out/>
  <testcase classname="STY.IntelliConvo.ComplianceUploadTest" name="Edit_ViewAct_TC" time="0.000">
    <skipped/>
  </testcase> <!-- Edit_ViewAct_TC -->
  <system-out/>
</testsuite> <!-- STY.IntelliConvo.ComplianceUploadTest -->
