<?xml version="1.0" encoding="UTF-8"?>
<!-- Generated by org.testng.reporters.JUnitReportReporter -->
<testsuite hostname="DESKTOP-86KNJ96" failures="0" tests="2" name="ShyenaTechYarns.IntelliConvo.OrganisationTest" time="480.297" errors="0" timestamp="2023-02-15T10:51:08 IST" skipped="0">
  <testcase classname="ShyenaTechYarns.IntelliConvo.OrganisationTest" name="Add_Organisation_TC" time="425.192"/>
  <system-out/>
  <testcase classname="ShyenaTechYarns.IntelliConvo.OrganisationTest" name="OrgUpdate_TC" time="55.105"/>
  <system-out/>
</testsuite> <!-- ShyenaTechYarns.IntelliConvo.OrganisationTest -->
