<?xml version="1.0" encoding="UTF-8"?>
<!-- Generated by org.testng.reporters.JUnitReportReporter -->
<testsuite hostname="DESKTOP-86KNJ96" failures="0" tests="1" name="STY.IntelliConvo.CustomerSalesDashboardTest" time="85.693" errors="0" timestamp="2023-03-27T10:08:58 IST" skipped="0">
  <testcase classname="STY.IntelliConvo.CustomerSalesDashboardTest" name="UsersTest_TC" time="85.693"/>
  <system-out/>
</testsuite> <!-- STY.IntelliConvo.CustomerSalesDashboardTest -->
