<?xml version="1.0" encoding="UTF-8"?>
<!-- Generated by org.testng.reporters.JUnitReportReporter -->
<testsuite hostname="DESKTOP-86KNJ96" failures="0" tests="1" name="STY.IntelliConvo.CampaignTest" time="156.059" errors="0" timestamp="2023-08-22T18:03:04 IST" skipped="0">
  <testcase classname="STY.IntelliConvo.CampaignTest" name="Edit_Campaign_TC" time="156.059"/>
  <system-out/>
</testsuite> <!-- STY.IntelliConvo.CampaignTest -->
