<?xml version="1.0" encoding="UTF-8"?>
<!-- Generated by org.testng.reporters.JUnitReportReporter -->
<testsuite hostname="DESKTOP-86KNJ96" failures="0" tests="1" name="STY.IntelliConvo.UsersTest" time="586.170" errors="0" timestamp="2024-02-27T17:21:34 IST" skipped="0">
  <testcase classname="STY.IntelliConvo.UsersTest" name="Add_AgentRole" time="586.170"/>
  <system-out/>
</testsuite> <!-- STY.IntelliConvo.UsersTest -->
