<?xml version="1.0" encoding="UTF-8"?>
<!-- Generated by org.testng.reporters.JUnitReportReporter -->
<testsuite hostname="DESKTOP-86KNJ96" failures="0" tests="2" name="STY.IntelliConvo.KeyWordsTest" time="324.751" errors="0" timestamp="2024-02-27T18:31:08 IST" skipped="0">
  <testcase classname="STY.IntelliConvo.KeyWordsTest" name="AddNew_Keyword_TC" time="297.728"/>
  <system-out/>
  <testcase classname="STY.IntelliConvo.KeyWordsTest" name="UpdateKeywords_TC" time="27.023"/>
  <system-out/>
</testsuite> <!-- STY.IntelliConvo.KeyWordsTest -->
