<?xml version="1.0" encoding="UTF-8"?>
<!-- Generated by org.testng.reporters.JUnitReportReporter -->
<testsuite hostname="DESKTOP-86KNJ96" failures="0" tests="4" name="STY.IntelliConvo.SalesDashboardTest" time="371.423" errors="0" timestamp="2023-11-08T14:21:03 IST" skipped="0">
  <testcase classname="STY.IntelliConvo.SalesDashboardTest" name="SalesDasboard_TC" time="232.616"/>
  <system-out/>
  <testcase classname="STY.IntelliConvo.SalesDashboardTest" name="CreateDeal_TC" time="80.406"/>
  <system-out/>
  <testcase classname="STY.IntelliConvo.SalesDashboardTest" name="CreateDeal_EditAction_TC" time="29.861"/>
  <system-out/>
  <testcase classname="STY.IntelliConvo.SalesDashboardTest" name="CreateTask_TC" time="28.540"/>
  <system-out/>
</testsuite> <!-- STY.IntelliConvo.SalesDashboardTest -->
