<?xml version="1.0" encoding="UTF-8"?>
<!-- Generated by org.testng.reporters.JUnitReportReporter -->
<testsuite hostname="DESKTOP-86KNJ96" failures="0" tests="1" name="STY.IntelliConvo.LoginTest" time="71.769" errors="0" timestamp="2024-05-05T13:16:28 IST" skipped="0">
  <testcase classname="STY.IntelliConvo.LoginTest" name="loginTest" time="71.769"/>
  <system-out/>
</testsuite> <!-- STY.IntelliConvo.LoginTest -->
