<?xml version="1.0" encoding="UTF-8"?>
<!-- Generated by org.testng.reporters.JUnitReportReporter -->
<testsuite hostname="DESKTOP-86KNJ96" failures="0" tests="2" name="STY.IntelliConvo.ComplianceDashboardTest" time="520.646" errors="0" timestamp="2023-11-08T14:43:31 IST" skipped="0">
  <testcase classname="STY.IntelliConvo.ComplianceDashboardTest" name="ComplianceDasboard_TC" time="362.073"/>
  <system-out/>
  <testcase classname="STY.IntelliConvo.ComplianceDashboardTest" name="Edit_Campaign_TC" time="158.573"/>
  <system-out/>
</testsuite> <!-- STY.IntelliConvo.ComplianceDashboardTest -->
