<?xml version="1.0" encoding="UTF-8"?>
<!-- Generated by org.testng.reporters.JUnitReportReporter -->
<testsuite hostname="DESKTOP-86KNJ96" failures="0" tests="1" name="ShyenaTechYarns.IntelliConvo.CallAnalysisTest" time="876.089" errors="0" timestamp="2023-02-08T14:51:02 IST" skipped="0">
  <testcase classname="ShyenaTechYarns.IntelliConvo.CallAnalysisTest" name="CallAnalysisTest" time="876.089"/>
  <system-out/>
</testsuite> <!-- ShyenaTechYarns.IntelliConvo.CallAnalysisTest -->
