<?xml version="1.0" encoding="UTF-8"?>
<!-- Generated by org.testng.reporters.JUnitReportReporter -->
<testsuite hostname="DESKTOP-86KNJ96" failures="0" tests="2" name="STY.IntelliConvo.UsersTest" time="666.826" errors="0" timestamp="2023-04-24T11:08:34 IST" skipped="0">
  <testcase classname="STY.IntelliConvo.UsersTest" name="Add_Users_TC" time="634.052"/>
  <system-out/>
  <testcase classname="STY.IntelliConvo.UsersTest" name="Edit_User_TC" time="32.774"/>
  <system-out/>
</testsuite> <!-- STY.IntelliConvo.UsersTest -->
