<?xml version="1.0" encoding="UTF-8"?>
<!-- Generated by org.testng.reporters.JUnitReportReporter -->
<testsuite hostname="DESKTOP-86KNJ96" failures="0" tests="1" name="STY.IntelliConvo.LoginTest" time="67.463" errors="0" timestamp="2023-04-24T10:54:08 IST" skipped="0">
  <testcase classname="STY.IntelliConvo.LoginTest" name="loginTest" time="67.463"/>
  <system-out/>
</testsuite> <!-- STY.IntelliConvo.LoginTest -->
