<?xml version="1.0" encoding="UTF-8"?>
<!-- Generated by org.testng.reporters.JUnitReportReporter -->
<testsuite hostname="DESKTOP-86KNJ96" failures="0" tests="2" name="STY.IntelliConvo.OrganisationTest" time="479.798" errors="0" timestamp="2023-04-24T10:54:08 IST" skipped="0">
  <testcase classname="STY.IntelliConvo.OrganisationTest" name="Add_Organisation_TC" time="424.047"/>
  <system-out/>
  <testcase classname="STY.IntelliConvo.OrganisationTest" name="OrgUpdate_TC" time="55.751"/>
  <system-out/>
</testsuite> <!-- STY.IntelliConvo.OrganisationTest -->
