<?xml version="1.0" encoding="UTF-8"?>
<!-- Generated by org.testng.reporters.JUnitReportReporter -->
<testsuite hostname="DESKTOP-86KNJ96" failures="0" tests="2" name="STY.IntelliConvo.CustomersTest" time="1179.907" errors="0" timestamp="2023-04-24T10:54:08 IST" skipped="0">
  <testcase classname="STY.IntelliConvo.CustomersTest" name="Add_Customers_TC" time="1090.997"/>
  <system-out/>
  <testcase classname="STY.IntelliConvo.CustomersTest" name="Edit_Customer_TC" time="88.910"/>
  <system-out/>
</testsuite> <!-- STY.IntelliConvo.CustomersTest -->
